[ 2026-05-14 05:30:47,799 ] [ INFO ] [ logger.py:73 ] 🚀 ✅ Logger configured successfully
[ 2026-05-14 05:30:47,900 ] [ INFO ] [ demo.py:14 ] 🚀 🚀 Demo started
[ 2026-05-14 05:30:47,900 ] [ INFO ] [ demo.py:19 ] 🚀 📂 Starting CSV insertion process
[ 2026-05-14 05:30:47,900 ] [ INFO ] [ email_data.py:16 ] 🚀 📂 Reading CSV file: data/raw/archive/spam_assassin.csv
[ 2026-05-14 05:30:48,073 ] [ INFO ] [ email_data.py:21 ] 🚀 ✅ CSV loaded successfully
[ 2026-05-14 05:30:48,073 ] [ INFO ] [ email_data.py:22 ] 🚀 📊 Total rows found: 5796
[ 2026-05-14 05:30:48,073 ] [ INFO ] [ postgres_db_connection.py:10 ] 🚀 🔌 Connecting to PostgreSQL database
[ 2026-05-14 05:30:48,123 ] [ INFO ] [ postgres_db_connection.py:21 ] 🚀 ✅ PostgreSQL connection established
[ 2026-05-14 05:30:48,123 ] [ INFO ] [ email_data.py:27 ] 🚀 ✅ PostgreSQL connection established
[ 2026-05-14 05:30:48,123 ] [ INFO ] [ email_data.py:32 ] 🚀 ✅ Cursor created
[ 2026-05-14 05:30:48,123 ] [ WARNING ] [ email_data.py:35 ] 🚀 🗑️ Deleting old data from emails table
[ 2026-05-14 05:30:48,134 ] [ INFO ] [ email_data.py:45 ] 🚀 ✅ Old data deleted
[ 2026-05-14 05:30:48,134 ] [ INFO ] [ email_data.py:47 ] 🚀 🚀 Starting data insertion process
[ 2026-05-14 05:30:48,138 ] [ INFO ] [ email_data.py:68 ] 🚀 📥 Inserted 0 rows
[ 2026-05-14 05:30:48,980 ] [ INFO ] [ email_data.py:75 ] 🚀 ✅ Data inserted successfully into PostgreSQL
[ 2026-05-14 05:30:48,980 ] [ INFO ] [ email_data.py:83 ] 🚀 🔒 Database connection closed
[ 2026-05-14 05:30:48,982 ] [ INFO ] [ demo.py:29 ] 🚀 ✅ CSV insertion process completed
[ 2026-05-14 05:30:48,982 ] [ INFO ] [ demo.py:36 ] 🚀 📥 Starting data loading process
[ 2026-05-14 05:30:48,982 ] [ INFO ] [ load_data.py:18 ] 🚀 ✅ LoadData class initialized
[ 2026-05-14 05:30:48,982 ] [ INFO ] [ load_data.py:50 ] 🚀 📥 Fetching data from table: emails
[ 2026-05-14 05:30:48,982 ] [ INFO ] [ load_data.py:26 ] 🚀 🔌 Creating PostgreSQL connection
[ 2026-05-14 05:30:49,012 ] [ INFO ] [ load_data.py:32 ] 🚀 ✅ PostgreSQL connection established
[ 2026-05-14 05:30:49,120 ] [ INFO ] [ load_data.py:60 ] 🚀 ✅ Successfully fetched 5796 rows
[ 2026-05-14 05:30:49,120 ] [ INFO ] [ load_data.py:64 ] 🚀 📊 Data shape: (5796, 5)
[ 2026-05-14 05:30:49,120 ] [ INFO ] [ demo.py:44 ] 🚀 ✅ Data fetched successfully | Shape: (5796, 5)
[ 2026-05-14 05:30:49,120 ] [ INFO ] [ demo.py:48 ] 🚀 🏁 Demo completed
