
============================================================
  Session started : 2026-05-13 17:50:21
  Logger name     : __main__
  Log file        : logs/spam_detector_2026-05-13.log
============================================================

[2026-05-13 17:50:21] [INFO    ] [demo.py:8   ] 🚀 Starting CSV to PostgreSQL insertion process
[2026-05-13 17:50:21] [INFO    ] [demo.py:12  ] 📂 Reading CSV file: enron_spam_data.csv
[2026-05-13 17:50:21] [INFO    ] [demo.py:18  ] ✅ CSV data inserted successfully into PostgreSQL
[2026-05-13 17:50:21] [INFO    ] [demo.py:19  ] 🎉 Data pipeline completed successfully

============================================================
🚀 Session started : 2026-05-13 17:52:18
🧠 Logger name     : __main__
📁 Log file        : logs/spam_detector_2026-05-13.log
============================================================

[2026-05-13 17:52:18] [INFO    ] [demo.py:8   ] 🚀 Starting CSV to PostgreSQL insertion process
[2026-05-13 17:52:18] [INFO    ] [demo.py:12  ] 📂 Reading CSV file: enron_spam_data.csv
[2026-05-13 17:52:19] [INFO    ] [demo.py:18  ] ✅ CSV data inserted successfully into PostgreSQL
[2026-05-13 17:52:19] [INFO    ] [demo.py:19  ] 🎉 Data pipeline completed successfully

============================================================
🚀 Session started : 2026-05-13 17:52:33
🧠 Logger name     : __main__
📁 Log file        : logs/spam_detector_2026-05-13.log
============================================================

[2026-05-13 17:52:33] [INFO    ] [demo.py:8   ] 🚀 Starting CSV to PostgreSQL insertion process
[2026-05-13 17:52:33] [INFO    ] [demo.py:12  ] 📂 Reading CSV file: enron_spam_data.csv
[2026-05-13 17:52:33] [INFO    ] [demo.py:18  ] ✅ CSV data inserted successfully into PostgreSQL
[2026-05-13 17:52:33] [INFO    ] [demo.py:19  ] 🎉 Data pipeline completed successfully

============================================================
🚀 Session started : 2026-05-13 17:55:51
🧠 Logger name     : __main__
📁 Log file        : logs/spam_detector_2026-05-13.log
============================================================

[2026-05-13 17:55:51] [INFO    ] [demo.py:8   ] 🚀 Starting CSV to PostgreSQL insertion process
[2026-05-13 17:55:51] [INFO    ] [demo.py:12  ] 📂 Reading CSV file: enron_spam_data.csv
[2026-05-13 17:55:51] [INFO    ] [demo.py:18  ] ✅ CSV data inserted successfully into PostgreSQL
[2026-05-13 17:55:51] [INFO    ] [demo.py:19  ] 🎉 Data pipeline completed successfully

============================================================
🚀 Session started : 2026-05-13 17:56:19
🧠 Logger name     : __main__
📁 Log file        : logs/spam_detector_2026-05-13.log
============================================================

[2026-05-13 17:56:19] [INFO    ] [demo.py:8   ] 🚀 Starting CSV to PostgreSQL insertion process
[2026-05-13 17:56:19] [INFO    ] [demo.py:12  ] 📂 Reading CSV file: enron_spam_data.csv
[2026-05-13 17:56:19] [INFO    ] [demo.py:18  ] ✅ CSV data inserted successfully into PostgreSQL
[2026-05-13 17:56:19] [INFO    ] [demo.py:19  ] 🎉 Data pipeline completed successfully

============================================================
🚀 Session started : 2026-05-13 17:56:46
🧠 Logger name     : __main__
📁 Log file        : logs/spam_detector_2026-05-13.log
============================================================

[2026-05-13 17:56:46] [INFO    ] [demo.py:8   ] 🚀 Starting CSV to PostgreSQL insertion process
[2026-05-13 17:56:46] [INFO    ] [demo.py:12  ] 📂 Reading CSV file: enron_spam_data.csv
[2026-05-13 17:56:46] [INFO    ] [demo.py:18  ] ✅ CSV data inserted successfully into PostgreSQL
[2026-05-13 17:56:46] [INFO    ] [demo.py:19  ] 🎉 Data pipeline completed successfully

============================================================
🚀 Session started : 2026-05-13 17:57:44
🧠 Logger name     : __main__
📁 Log file        : logs/spam_detector_2026-05-13.log
============================================================

[2026-05-13 17:57:44] [INFO    ] [demo.py:8   ] 🚀 Starting CSV to PostgreSQL insertion process
[2026-05-13 17:57:44] [INFO    ] [demo.py:12  ] 📂 Reading CSV file: enron_spam_data.csv
[2026-05-13 17:57:44] [INFO    ] [demo.py:18  ] ✅ CSV data inserted successfully into PostgreSQL
[2026-05-13 17:57:44] [INFO    ] [demo.py:19  ] 🎉 Data pipeline completed successfully
